<?xml version="1.0" encoding="utf-8"?><testsuites name="pytest tests"><testsuite name="pytest" errors="0" failures="0" skipped="0" tests="3" time="22.316" timestamp="2026-03-23T21:15:56.177646+00:00" hostname="a81b8b10e982"><testcase classname="tests.ajax_test" name="test_ajax_verification_with_intercept[firefox]" file="tests/ajax_test.py" line="6" time="8.757" /><testcase classname="tests.ajax_test" name="test_ajax_verification_with_expect[firefox]" file="tests/ajax_test.py" line="56" time="7.498" /><testcase classname="tests.webform_test" name="test_web_form[firefox]" file="tests/webform_test.py" line="8" time="6.036"><properties><property name="issues" value="JIRA-123, JIRA-987" /><property name="testrail_attachment" value="screenshots/image.png" /><property name="video" value="videos/30c461e6-4b97-4f02-be0e-c696bce7c97c.webm" /></properties></testcase></testsuite></testsuites>