<?xml version="1.0" encoding="utf-8"?><testsuites name="pytest tests"><testsuite name="pytest" errors="0" failures="0" skipped="0" tests="3" time="22.010" timestamp="2026-03-21T11:57:36.596215+00:00" hostname="fac927d2637c"><testcase classname="tests.ajax_test" name="test_ajax_verification_with_intercept[firefox]" file="tests/ajax_test.py" line="6" time="8.571" /><testcase classname="tests.ajax_test" name="test_ajax_verification_with_expect[firefox]" file="tests/ajax_test.py" line="56" time="7.441" /><testcase classname="tests.webform_test" name="test_web_form[firefox]" file="tests/webform_test.py" line="8" time="5.973"><properties><property name="issues" value="JIRA-123, JIRA-987" /><property name="testrail_attachment" value="screenshots/image.png" /><property name="video" value="videos/f353ea5f-3a1a-4343-9251-166c511de8b1.webm" /></properties></testcase></testsuite></testsuites>