<?xml version="1.0" encoding="utf-8"?><testsuites name="pytest tests"><testsuite name="pytest" errors="0" failures="0" skipped="0" tests="3" time="22.304" timestamp="2026-03-21T11:33:14.819919+00:00" hostname="49406e75760f"><testcase classname="tests.ajax_test" name="test_ajax_verification_with_intercept[firefox]" file="tests/ajax_test.py" line="6" time="8.693" /><testcase classname="tests.ajax_test" name="test_ajax_verification_with_expect[firefox]" file="tests/ajax_test.py" line="56" time="7.537" /><testcase classname="tests.webform_test" name="test_web_form[firefox]" file="tests/webform_test.py" line="8" time="6.049"><properties><property name="issues" value="JIRA-123, JIRA-987" /><property name="testrail_attachment" value="screenshots/image.png" /><property name="video" value="/__w/tests/tests/python/playwright/videos/d15199f4-e361-44fa-8ab1-8d5cb4b74690.webm" /></properties></testcase></testsuite></testsuites>