<testsuites id="" name="" tests="3" failures="3" skipped="0" errors="0" time="27.173509">
<testsuite name="ajax.spec.ts" timestamp="2026-03-08T20:02:56.996Z" hostname="firefox" tests="2" failures="2" skipped="0" time="8.18" errors="0">
<testcase name="Ajax verification with intercept" classname="ajax.spec.ts" time="4.054">
<properties>
<property name="attachment" value="screenshots/C0.png">
</property>
</properties>
<failure message="ajax.spec.ts:17:7 Ajax verification with intercept" type="FAILURE">
<![CDATA[  [firefox] › ajax.spec.ts:17:7 › Ajax verification with intercept ─────────────────────────────────

    TypeError: coverage.startJSCoverage: Cannot read properties of null (reading 'startJSCoverage')

       at base.ts:44

      42 |
      43 | test.beforeEach(async ({ page }) => {
    > 44 |   await page.coverage.startJSCoverage();
         |                       ^
      45 |   await page.coverage.startCSSCoverage();
      46 | });
      47 |
        at /__w/tests/tests/nodejs/playwright/tests/base.ts:44:23

    TypeError: coverage.stopJSCoverage: Cannot read properties of null (reading 'stopJSCoverage')

       at base.ts:50

      48 |
      49 | test.afterEach(async ({ page }) => {
    > 50 |   const jsCoverage = await page.coverage.stopJSCoverage();
         |                                          ^
      51 |   const cssCoverage = await page.coverage.stopCSSCoverage();
      52 |
      53 |   const coverageDir = path.join(COVERAGE_RAW_FOLDER);
        at /__w/tests/tests/nodejs/playwright/tests/base.ts:50:42

    attachment #3: video (video/webm) ──────────────────────────────────────────────────────────────
    ../../../reporting/playwright-results/ajax-Ajax-verification-with-intercept-firefox/video.webm
    ────────────────────────────────────────────────────────────────────────────────────────────────

    Error Context: ../../../reporting/playwright-results/ajax-Ajax-verification-with-intercept-firefox/error-context.md

    Retry #1 ───────────────────────────────────────────────────────────────────────────────────────

    TypeError: coverage.startJSCoverage: Cannot read properties of null (reading 'startJSCoverage')

       at base.ts:44

      42 |
      43 | test.beforeEach(async ({ page }) => {
    > 44 |   await page.coverage.startJSCoverage();
         |                       ^
      45 |   await page.coverage.startCSSCoverage();
      46 | });
      47 |
        at /__w/tests/tests/nodejs/playwright/tests/base.ts:44:23

    TypeError: coverage.stopJSCoverage: Cannot read properties of null (reading 'stopJSCoverage')

       at base.ts:50

      48 |
      49 | test.afterEach(async ({ page }) => {
    > 50 |   const jsCoverage = await page.coverage.stopJSCoverage();
         |                                          ^
      51 |   const cssCoverage = await page.coverage.stopCSSCoverage();
      52 |
      53 |   const coverageDir = path.join(COVERAGE_RAW_FOLDER);
        at /__w/tests/tests/nodejs/playwright/tests/base.ts:50:42

    attachment #3: video (video/webm) ──────────────────────────────────────────────────────────────
    ../../../reporting/playwright-results/ajax-Ajax-verification-with-intercept-firefox-retry1/video.webm
    ────────────────────────────────────────────────────────────────────────────────────────────────

    Error Context: ../../../reporting/playwright-results/ajax-Ajax-verification-with-intercept-firefox-retry1/error-context.md

    attachment #5: trace (application/zip) ─────────────────────────────────────────────────────────
    ../../../reporting/playwright-results/ajax-Ajax-verification-with-intercept-firefox-retry1/trace.zip
    Usage:

        npx playwright show-trace ../../../reporting/playwright-results/ajax-Ajax-verification-with-intercept-firefox-retry1/trace.zip

    ────────────────────────────────────────────────────────────────────────────────────────────────

    Retry #2 ───────────────────────────────────────────────────────────────────────────────────────

    TypeError: coverage.startJSCoverage: Cannot read properties of null (reading 'startJSCoverage')

       at base.ts:44

      42 |
      43 | test.beforeEach(async ({ page }) => {
    > 44 |   await page.coverage.startJSCoverage();
         |                       ^
      45 |   await page.coverage.startCSSCoverage();
      46 | });
      47 |
        at /__w/tests/tests/nodejs/playwright/tests/base.ts:44:23

    TypeError: coverage.stopJSCoverage: Cannot read properties of null (reading 'stopJSCoverage')

       at base.ts:50

      48 |
      49 | test.afterEach(async ({ page }) => {
    > 50 |   const jsCoverage = await page.coverage.stopJSCoverage();
         |                                          ^
      51 |   const cssCoverage = await page.coverage.stopCSSCoverage();
      52 |
      53 |   const coverageDir = path.join(COVERAGE_RAW_FOLDER);
        at /__w/tests/tests/nodejs/playwright/tests/base.ts:50:42

    attachment #3: video (video/webm) ──────────────────────────────────────────────────────────────
    ../../../reporting/playwright-results/ajax-Ajax-verification-with-intercept-firefox-retry2/video.webm
    ────────────────────────────────────────────────────────────────────────────────────────────────

    Error Context: ../../../reporting/playwright-results/ajax-Ajax-verification-with-intercept-firefox-retry2/error-context.md
]]>
</failure>
<system-out>
<![CDATA[
[[ATTACHMENT|../playwright-results/ajax-Ajax-verification-with-intercept-firefox/video.webm]]

[[ATTACHMENT|../playwright-results/ajax-Ajax-verification-with-intercept-firefox/error-context.md]]

[[ATTACHMENT|../playwright-results/ajax-Ajax-verification-with-intercept-firefox-retry1/video.webm]]

[[ATTACHMENT|../playwright-results/ajax-Ajax-verification-with-intercept-firefox-retry1/error-context.md]]

[[ATTACHMENT|../playwright-results/ajax-Ajax-verification-with-intercept-firefox-retry1/trace.zip]]

[[ATTACHMENT|../playwright-results/ajax-Ajax-verification-with-intercept-firefox-retry2/video.webm]]

[[ATTACHMENT|../playwright-results/ajax-Ajax-verification-with-intercept-firefox-retry2/error-context.md]]
]]>
</system-out>
</testcase>
<testcase name="Ajax verification with expect" classname="ajax.spec.ts" time="4.126">
<properties>
<property name="attachment" value="screenshots/C0.png">
</property>
</properties>
<failure message="ajax.spec.ts:46:7 Ajax verification with expect" type="FAILURE">
<![CDATA[  [firefox] › ajax.spec.ts:46:7 › Ajax verification with expect ────────────────────────────────────

    TypeError: coverage.startJSCoverage: Cannot read properties of null (reading 'startJSCoverage')

       at base.ts:44

      42 |
      43 | test.beforeEach(async ({ page }) => {
    > 44 |   await page.coverage.startJSCoverage();
         |                       ^
      45 |   await page.coverage.startCSSCoverage();
      46 | });
      47 |
        at /__w/tests/tests/nodejs/playwright/tests/base.ts:44:23

    TypeError: coverage.stopJSCoverage: Cannot read properties of null (reading 'stopJSCoverage')

       at base.ts:50

      48 |
      49 | test.afterEach(async ({ page }) => {
    > 50 |   const jsCoverage = await page.coverage.stopJSCoverage();
         |                                          ^
      51 |   const cssCoverage = await page.coverage.stopCSSCoverage();
      52 |
      53 |   const coverageDir = path.join(COVERAGE_RAW_FOLDER);
        at /__w/tests/tests/nodejs/playwright/tests/base.ts:50:42

    attachment #3: video (video/webm) ──────────────────────────────────────────────────────────────
    ../../../reporting/playwright-results/ajax-Ajax-verification-with-expect-firefox/video.webm
    ────────────────────────────────────────────────────────────────────────────────────────────────

    Error Context: ../../../reporting/playwright-results/ajax-Ajax-verification-with-expect-firefox/error-context.md

    Retry #1 ───────────────────────────────────────────────────────────────────────────────────────

    TypeError: coverage.startJSCoverage: Cannot read properties of null (reading 'startJSCoverage')

       at base.ts:44

      42 |
      43 | test.beforeEach(async ({ page }) => {
    > 44 |   await page.coverage.startJSCoverage();
         |                       ^
      45 |   await page.coverage.startCSSCoverage();
      46 | });
      47 |
        at /__w/tests/tests/nodejs/playwright/tests/base.ts:44:23

    TypeError: coverage.stopJSCoverage: Cannot read properties of null (reading 'stopJSCoverage')

       at base.ts:50

      48 |
      49 | test.afterEach(async ({ page }) => {
    > 50 |   const jsCoverage = await page.coverage.stopJSCoverage();
         |                                          ^
      51 |   const cssCoverage = await page.coverage.stopCSSCoverage();
      52 |
      53 |   const coverageDir = path.join(COVERAGE_RAW_FOLDER);
        at /__w/tests/tests/nodejs/playwright/tests/base.ts:50:42

    attachment #3: video (video/webm) ──────────────────────────────────────────────────────────────
    ../../../reporting/playwright-results/ajax-Ajax-verification-with-expect-firefox-retry1/video.webm
    ────────────────────────────────────────────────────────────────────────────────────────────────

    Error Context: ../../../reporting/playwright-results/ajax-Ajax-verification-with-expect-firefox-retry1/error-context.md

    attachment #5: trace (application/zip) ─────────────────────────────────────────────────────────
    ../../../reporting/playwright-results/ajax-Ajax-verification-with-expect-firefox-retry1/trace.zip
    Usage:

        npx playwright show-trace ../../../reporting/playwright-results/ajax-Ajax-verification-with-expect-firefox-retry1/trace.zip

    ────────────────────────────────────────────────────────────────────────────────────────────────

    Retry #2 ───────────────────────────────────────────────────────────────────────────────────────

    TypeError: coverage.startJSCoverage: Cannot read properties of null (reading 'startJSCoverage')

       at base.ts:44

      42 |
      43 | test.beforeEach(async ({ page }) => {
    > 44 |   await page.coverage.startJSCoverage();
         |                       ^
      45 |   await page.coverage.startCSSCoverage();
      46 | });
      47 |
        at /__w/tests/tests/nodejs/playwright/tests/base.ts:44:23

    TypeError: coverage.stopJSCoverage: Cannot read properties of null (reading 'stopJSCoverage')

       at base.ts:50

      48 |
      49 | test.afterEach(async ({ page }) => {
    > 50 |   const jsCoverage = await page.coverage.stopJSCoverage();
         |                                          ^
      51 |   const cssCoverage = await page.coverage.stopCSSCoverage();
      52 |
      53 |   const coverageDir = path.join(COVERAGE_RAW_FOLDER);
        at /__w/tests/tests/nodejs/playwright/tests/base.ts:50:42

    attachment #3: video (video/webm) ──────────────────────────────────────────────────────────────
    ../../../reporting/playwright-results/ajax-Ajax-verification-with-expect-firefox-retry2/video.webm
    ────────────────────────────────────────────────────────────────────────────────────────────────

    Error Context: ../../../reporting/playwright-results/ajax-Ajax-verification-with-expect-firefox-retry2/error-context.md
]]>
</failure>
<system-out>
<![CDATA[
[[ATTACHMENT|../playwright-results/ajax-Ajax-verification-with-expect-firefox/video.webm]]

[[ATTACHMENT|../playwright-results/ajax-Ajax-verification-with-expect-firefox/error-context.md]]

[[ATTACHMENT|../playwright-results/ajax-Ajax-verification-with-expect-firefox-retry1/video.webm]]

[[ATTACHMENT|../playwright-results/ajax-Ajax-verification-with-expect-firefox-retry1/error-context.md]]

[[ATTACHMENT|../playwright-results/ajax-Ajax-verification-with-expect-firefox-retry1/trace.zip]]

[[ATTACHMENT|../playwright-results/ajax-Ajax-verification-with-expect-firefox-retry2/video.webm]]

[[ATTACHMENT|../playwright-results/ajax-Ajax-verification-with-expect-firefox-retry2/error-context.md]]
]]>
</system-out>
</testcase>
</testsuite>
<testsuite name="webform.spec.ts" timestamp="2026-03-08T20:02:56.996Z" hostname="firefox" tests="1" failures="1" skipped="0" time="4.279" errors="0">
<testcase name="Web form" classname="webform.spec.ts" time="4.279">
<properties>
<property name="attachment" value="screenshots/C0.png">
</property>
</properties>
<failure message="webform.spec.ts:17:7 Web form" type="FAILURE">
<![CDATA[  [firefox] › webform.spec.ts:17:7 › Web form ──────────────────────────────────────────────────────

    TypeError: coverage.startJSCoverage: Cannot read properties of null (reading 'startJSCoverage')

       at base.ts:44

      42 |
      43 | test.beforeEach(async ({ page }) => {
    > 44 |   await page.coverage.startJSCoverage();
         |                       ^
      45 |   await page.coverage.startCSSCoverage();
      46 | });
      47 |
        at /__w/tests/tests/nodejs/playwright/tests/base.ts:44:23

    TypeError: coverage.stopJSCoverage: Cannot read properties of null (reading 'stopJSCoverage')

       at base.ts:50

      48 |
      49 | test.afterEach(async ({ page }) => {
    > 50 |   const jsCoverage = await page.coverage.stopJSCoverage();
         |                                          ^
      51 |   const cssCoverage = await page.coverage.stopCSSCoverage();
      52 |
      53 |   const coverageDir = path.join(COVERAGE_RAW_FOLDER);
        at /__w/tests/tests/nodejs/playwright/tests/base.ts:50:42

    attachment #3: video (video/webm) ──────────────────────────────────────────────────────────────
    ../../../reporting/playwright-results/webform-Web-form-firefox/video.webm
    ────────────────────────────────────────────────────────────────────────────────────────────────

    Error Context: ../../../reporting/playwright-results/webform-Web-form-firefox/error-context.md

    Retry #1 ───────────────────────────────────────────────────────────────────────────────────────

    TypeError: coverage.startJSCoverage: Cannot read properties of null (reading 'startJSCoverage')

       at base.ts:44

      42 |
      43 | test.beforeEach(async ({ page }) => {
    > 44 |   await page.coverage.startJSCoverage();
         |                       ^
      45 |   await page.coverage.startCSSCoverage();
      46 | });
      47 |
        at /__w/tests/tests/nodejs/playwright/tests/base.ts:44:23

    TypeError: coverage.stopJSCoverage: Cannot read properties of null (reading 'stopJSCoverage')

       at base.ts:50

      48 |
      49 | test.afterEach(async ({ page }) => {
    > 50 |   const jsCoverage = await page.coverage.stopJSCoverage();
         |                                          ^
      51 |   const cssCoverage = await page.coverage.stopCSSCoverage();
      52 |
      53 |   const coverageDir = path.join(COVERAGE_RAW_FOLDER);
        at /__w/tests/tests/nodejs/playwright/tests/base.ts:50:42

    attachment #3: video (video/webm) ──────────────────────────────────────────────────────────────
    ../../../reporting/playwright-results/webform-Web-form-firefox-retry1/video.webm
    ────────────────────────────────────────────────────────────────────────────────────────────────

    Error Context: ../../../reporting/playwright-results/webform-Web-form-firefox-retry1/error-context.md

    attachment #5: trace (application/zip) ─────────────────────────────────────────────────────────
    ../../../reporting/playwright-results/webform-Web-form-firefox-retry1/trace.zip
    Usage:

        npx playwright show-trace ../../../reporting/playwright-results/webform-Web-form-firefox-retry1/trace.zip

    ────────────────────────────────────────────────────────────────────────────────────────────────

    Retry #2 ───────────────────────────────────────────────────────────────────────────────────────

    TypeError: coverage.startJSCoverage: Cannot read properties of null (reading 'startJSCoverage')

       at base.ts:44

      42 |
      43 | test.beforeEach(async ({ page }) => {
    > 44 |   await page.coverage.startJSCoverage();
         |                       ^
      45 |   await page.coverage.startCSSCoverage();
      46 | });
      47 |
        at /__w/tests/tests/nodejs/playwright/tests/base.ts:44:23

    TypeError: coverage.stopJSCoverage: Cannot read properties of null (reading 'stopJSCoverage')

       at base.ts:50

      48 |
      49 | test.afterEach(async ({ page }) => {
    > 50 |   const jsCoverage = await page.coverage.stopJSCoverage();
         |                                          ^
      51 |   const cssCoverage = await page.coverage.stopCSSCoverage();
      52 |
      53 |   const coverageDir = path.join(COVERAGE_RAW_FOLDER);
        at /__w/tests/tests/nodejs/playwright/tests/base.ts:50:42

    attachment #3: video (video/webm) ──────────────────────────────────────────────────────────────
    ../../../reporting/playwright-results/webform-Web-form-firefox-retry2/video.webm
    ────────────────────────────────────────────────────────────────────────────────────────────────

    Error Context: ../../../reporting/playwright-results/webform-Web-form-firefox-retry2/error-context.md
]]>
</failure>
<system-out>
<![CDATA[
[[ATTACHMENT|../playwright-results/webform-Web-form-firefox/video.webm]]

[[ATTACHMENT|../playwright-results/webform-Web-form-firefox/error-context.md]]

[[ATTACHMENT|../playwright-results/webform-Web-form-firefox-retry1/video.webm]]

[[ATTACHMENT|../playwright-results/webform-Web-form-firefox-retry1/error-context.md]]

[[ATTACHMENT|../playwright-results/webform-Web-form-firefox-retry1/trace.zip]]

[[ATTACHMENT|../playwright-results/webform-Web-form-firefox-retry2/video.webm]]

[[ATTACHMENT|../playwright-results/webform-Web-form-firefox-retry2/error-context.md]]
]]>
</system-out>
</testcase>
</testsuite>
</testsuites>