<?xml version='1.0' encoding='utf-8'?>
<testsuites tests="3" failures="0" errors="0" skipped="0" time="20.623"><testsuite name="web_playwright.WebFormTest" tests="1" skipped="0" failures="0" errors="0" timestamp="2026-03-21T10:39:30.824Z" hostname="71ebaca8463f" time="5.871">
  <properties />
  <testcase name="web_form()" classname="web_playwright.WebFormTest" time="5.871" />
  <system-out />
  <system-err />
</testsuite><testsuite name="web_playwright.AjaxTest" tests="2" skipped="0" failures="0" errors="0" timestamp="2026-03-21T10:39:14.934Z" hostname="71ebaca8463f" time="14.752">
  <properties />
  <testcase name="ajax_verification_with_intercept()" classname="web_playwright.AjaxTest" time="7.248" />
  <testcase name="ajax_verification_with_assert()" classname="web_playwright.AjaxTest" time="7.457" />
  <system-out />
  <system-err />
</testsuite></testsuites>