<testsuites id="" name="" tests="3" failures="0" skipped="0" errors="0" time="22.005540999999997">
<testsuite name="ajax.spec.ts" timestamp="2026-03-23T21:18:52.875Z" hostname="firefox" tests="2" failures="0" skipped="0" time="14.984" errors="0">
<testcase name="Ajax verification with intercept" classname="ajax.spec.ts" time="7.472">
<system-out>
<![CDATA[
[[ATTACHMENT|../playwright-results/ajax-Ajax-verification-with-intercept-firefox/video.webm]]
]]>
</system-out>
</testcase>
<testcase name="Ajax verification with expect" classname="ajax.spec.ts" time="7.512">
<system-out>
<![CDATA[
[[ATTACHMENT|../playwright-results/ajax-Ajax-verification-with-expect-firefox/video.webm]]
]]>
</system-out>
</testcase>
</testsuite>
<testsuite name="webform.spec.ts" timestamp="2026-03-23T21:18:52.875Z" hostname="firefox" tests="1" failures="0" skipped="0" time="5.245" errors="0">
<testcase name="Web form" classname="webform.spec.ts" time="5.245">
<system-out>
<![CDATA[
[[ATTACHMENT|../playwright-results/webform-Web-form-firefox/video.webm]]
]]>
</system-out>
</testcase>
</testsuite>
</testsuites>