<?xml version="1.0" encoding="UTF-8"?>
<testsuite name="web_playwright.AjaxTest" tests="2" skipped="0" failures="0" errors="0" timestamp="2026-03-21T12:02:26.661Z" hostname="fac927d2637c" time="14.886">
  <properties/>
  <testcase name="ajax_verification_with_intercept()" classname="web_playwright.AjaxTest" time="7.372"/>
  <testcase name="ajax_verification_with_assert()" classname="web_playwright.AjaxTest" time="7.46"/>
  <system-out><![CDATA[]]></system-out>
  <system-err><![CDATA[]]></system-err>
</testsuite>
