<?xml version="1.0" encoding="UTF-8"?>
<testsuite name="web_playwright.AjaxTest" tests="2" skipped="0" failures="0" errors="0" timestamp="2026-03-22T22:54:59.934Z" hostname="b2ef0b973eee" time="14.607">
  <properties/>
  <testcase name="ajax_verification_with_intercept()" classname="web_playwright.AjaxTest" time="7.233"/>
  <testcase name="ajax_verification_with_assert()" classname="web_playwright.AjaxTest" time="7.326"/>
  <system-out><![CDATA[]]></system-out>
  <system-err><![CDATA[]]></system-err>
</testsuite>
